{"/Users/liqingmu/mine/visiual-playground/src/utils/tool.ts": {"path":"/Users/liqingmu/mine/visiual-playground/src/utils/tool.ts","statementMap":{"0":{"start":{"line":1,"column":54},"end":{"line":1,"column":69}},"1":{"start":{"line":1,"column":64},"end":{"line":1,"column":69}},"2":{"start":{"line":1,"column":13},"end":{"line":1,"column":54}}},"fnMap":{"0":{"name":"(anonymous_0)","decl":{"start":{"line":1,"column":54},"end":{"line":1,"column":55}},"loc":{"start":{"line":1,"column":64},"end":{"line":1,"column":69}}}},"branchMap":{},"s":{"0":1,"1":1,"2":1},"f":{"0":1},"b":{}}
}
